{"/Users/tangbin/Documents/github/artTemplate/src/compile/adapter/cache.js":{"path":"/Users/tangbin/Documents/github/artTemplate/src/compile/adapter/cache.js","s":{"1":1,"2":2,"3":3,"4":1,"5":1},"b":{},"f":{"1":2,"2":3,"3":1},"fnMap":{"1":{"name":"(anonymous_1)","line":4,"loc":{"start":{"line":4,"column":9},"end":{"line":4,"column":28}}},"2":{"name":"(anonymous_2)","line":8,"loc":{"start":{"line":8,"column":9},"end":{"line":8,"column":23}}},"3":{"name":"(anonymous_3)","line":12,"loc":{"start":{"line":12,"column":11},"end":{"line":12,"column":22}}}},"statementMap":{"1":{"start":{"line":1,"column":0},"end":{"line":15,"column":2}},"2":{"start":{"line":5,"column":8},"end":{"line":5,"column":31}},"3":{"start":{"line":9,"column":8},"end":{"line":9,"column":32}},"4":{"start":{"line":13,"column":8},"end":{"line":13,"column":25}},"5":{"start":{"line":17,"column":0},"end":{"line":17,"column":23}}},"branchMap":{}},"/Users/tangbin/Documents/github/artTemplate/src/compile/adapter/imports.js":{"path":"/Users/tangbin/Documents/github/artTemplate/src/compile/adapter/imports.js","s":{"1":1,"2":0,"3":0,"4":0,"5":0,"6":18,"7":18,"8":18,"9":20,"10":9,"11":2,"12":7,"13":1,"14":6,"15":20,"16":18,"17":36,"18":1},"b":{"1":[9,11],"2":[2,7],"3":[1,6],"4":[6,1]},"f":{},"fnMap":{},"statementMap":{"1":{"start":{"line":4,"column":0},"end":{"line":58,"column":2}},"2":{"start":{"line":16,"column":8},"end":{"line":16,"column":44}},"3":{"start":{"line":17,"column":8},"end":{"line":17,"column":47}},"4":{"start":{"line":18,"column":8},"end":{"line":18,"column":49}},"5":{"start":{"line":19,"column":8},"end":{"line":21,"column":17}},"6":{"start":{"line":31,"column":8},"end":{"line":31,"column":49}},"7":{"start":{"line":32,"column":8},"end":{"line":38,"column":10}},"8":{"start":{"line":40,"column":8},"end":{"line":52,"column":10}},"9":{"start":{"line":41,"column":12},"end":{"line":49,"column":13}},"10":{"start":{"line":42,"column":16},"end":{"line":48,"column":17}},"11":{"start":{"line":43,"column":20},"end":{"line":43,"column":56}},"12":{"start":{"line":44,"column":23},"end":{"line":48,"column":17}},"13":{"start":{"line":45,"column":20},"end":{"line":45,"column":31}},"14":{"start":{"line":47,"column":20},"end":{"line":47,"column":56}},"15":{"start":{"line":51,"column":12},"end":{"line":51,"column":25}},"16":{"start":{"line":54,"column":8},"end":{"line":55,"column":51}},"17":{"start":{"line":55,"column":37},"end":{"line":55,"column":49}},"18":{"start":{"line":60,"column":0},"end":{"line":60,"column":25}}},"branchMap":{"1":{"line":41,"type":"if","locations":[{"start":{"line":41,"column":12},"end":{"line":41,"column":12}},{"start":{"line":41,"column":12},"end":{"line":41,"column":12}}]},"2":{"line":42,"type":"if","locations":[{"start":{"line":42,"column":16},"end":{"line":42,"column":16}},{"start":{"line":42,"column":16},"end":{"line":42,"column":16}}]},"3":{"line":44,"type":"if","locations":[{"start":{"line":44,"column":23},"end":{"line":44,"column":23}},{"start":{"line":44,"column":23},"end":{"line":44,"column":23}}]},"4":{"line":47,"type":"binary-expr","locations":[{"start":{"line":47,"column":28},"end":{"line":47,"column":49}},{"start":{"line":47,"column":53},"end":{"line":47,"column":55}}]}}},"/Users/tangbin/Documents/github/artTemplate/src/compile/adapter/onerror.js":{"path":"/Users/tangbin/Documents/github/artTemplate/src/compile/adapter/onerror.js","s":{"1":1,"2":2,"3":2,"4":2,"5":2,"6":2,"7":1,"8":1},"b":{"1":[2,0]},"f":{},"fnMap":{},"statementMap":{"1":{"start":{"line":6,"column":0},"end":{"line":15,"column":2}},"2":{"start":{"line":7,"column":4},"end":{"line":7,"column":34}},"3":{"start":{"line":8,"column":4},"end":{"line":8,"column":51}},"4":{"start":{"line":10,"column":4},"end":{"line":12,"column":5}},"5":{"start":{"line":11,"column":8},"end":{"line":11,"column":45}},"6":{"start":{"line":14,"column":4},"end":{"line":14,"column":31}},"7":{"start":{"line":14,"column":17},"end":{"line":14,"column":30}},"8":{"start":{"line":17,"column":0},"end":{"line":17,"column":25}}},"branchMap":{"1":{"line":10,"type":"if","locations":[{"start":{"line":10,"column":4},"end":{"line":10,"column":4}},{"start":{"line":10,"column":4},"end":{"line":10,"column":4}}]}}},"/Users/tangbin/Documents/github/artTemplate/src/compile/compiler.js":{"path":"/Users/tangbin/Documents/github/artTemplate/src/compile/compiler.js","s":{"1":1,"2":1,"3":1,"4":1,"5":1,"6":1,"7":115,"8":1,"9":42,"10":42,"11":42,"12":42,"13":42,"14":42,"15":42,"16":42,"17":42,"18":42,"19":42,"20":0,"21":42,"22":34,"23":34,"24":34,"25":34,"26":18,"27":16,"28":16,"29":41,"30":41,"31":41,"32":41,"33":41,"34":41,"35":4,"36":37,"37":0,"38":37,"39":13,"40":24,"41":37,"42":27,"43":27,"44":27,"45":4,"46":27,"47":27,"48":25,"49":25,"50":25,"51":25,"52":25,"53":25,"54":25,"55":25,"56":25,"57":25,"58":25,"59":25,"60":23,"61":25,"62":0,"63":25,"64":25,"65":25,"66":25,"67":25,"68":18,"69":18,"70":18,"71":8,"72":10,"73":10,"74":25,"75":0,"76":25,"77":3,"78":3,"79":3,"80":3,"81":3,"82":3,"83":8,"84":3,"85":3,"86":3,"87":0,"88":0,"89":3,"90":3,"91":3,"92":0,"93":1},"b":{"1":[0,42],"2":[18,16],"3":[16,0],"4":[4,37],"5":[41,41,40,39],"6":[0,37],"7":[13,24],"8":[4,23],"9":[0,25],"10":[25,25],"11":[25,25],"12":[25,18],"13":[18,7],"14":[8,10],"15":[18,16],"16":[0,25],"17":[0,3]},"f":{"1":42,"2":41,"3":27,"4":25,"5":3},"fnMap":{"1":{"name":"(anonymous_1)","line":12,"loc":{"start":{"line":12,"column":15},"end":{"line":12,"column":25}}},"2":{"name":"(anonymous_2)","line":54,"loc":{"start":{"line":54,"column":14},"end":{"line":54,"column":21}}},"3":{"name":"(anonymous_3)","line":81,"loc":{"start":{"line":81,"column":13},"end":{"line":81,"column":22}}},"4":{"name":"(anonymous_4)","line":96,"loc":{"start":{"line":96,"column":17},"end":{"line":96,"column":32}}},"5":{"name":"(anonymous_5)","line":150,"loc":{"start":{"line":150,"column":9},"end":{"line":150,"column":12}}}},"statementMap":{"1":{"start":{"line":1,"column":0},"end":{"line":1,"column":40}},"2":{"start":{"line":2,"column":0},"end":{"line":2,"column":42}},"3":{"start":{"line":3,"column":0},"end":{"line":3,"column":43}},"4":{"start":{"line":5,"column":0},"end":{"line":5,"column":21}},"5":{"start":{"line":6,"column":0},"end":{"line":6,"column":27}},"6":{"start":{"line":7,"column":0},"end":{"line":7,"column":56}},"7":{"start":{"line":7,"column":29},"end":{"line":7,"column":55}},"8":{"start":{"line":8,"column":0},"end":{"line":8,"column":33}},"9":{"start":{"line":14,"column":8},"end":{"line":14,"column":40}},"10":{"start":{"line":15,"column":8},"end":{"line":15,"column":42}},"11":{"start":{"line":16,"column":8},"end":{"line":16,"column":42}},"12":{"start":{"line":17,"column":8},"end":{"line":17,"column":34}},"13":{"start":{"line":18,"column":8},"end":{"line":18,"column":38}},"14":{"start":{"line":20,"column":8},"end":{"line":20,"column":29}},"15":{"start":{"line":21,"column":8},"end":{"line":21,"column":31}},"16":{"start":{"line":24,"column":8},"end":{"line":24,"column":26}},"17":{"start":{"line":27,"column":8},"end":{"line":27,"column":38}},"18":{"start":{"line":30,"column":8},"end":{"line":33,"column":10}},"19":{"start":{"line":36,"column":8},"end":{"line":38,"column":9}},"20":{"start":{"line":37,"column":12},"end":{"line":37,"column":42}},"21":{"start":{"line":41,"column":8},"end":{"line":50,"column":11}},"22":{"start":{"line":42,"column":12},"end":{"line":42,"column":36}},"23":{"start":{"line":43,"column":12},"end":{"line":43,"column":38}},"24":{"start":{"line":44,"column":12},"end":{"line":44,"column":36}},"25":{"start":{"line":45,"column":12},"end":{"line":49,"column":13}},"26":{"start":{"line":46,"column":16},"end":{"line":46,"column":44}},"27":{"start":{"line":47,"column":19},"end":{"line":49,"column":13}},"28":{"start":{"line":48,"column":16},"end":{"line":48,"column":48}},"29":{"start":{"line":56,"column":8},"end":{"line":56,"column":23}},"30":{"start":{"line":57,"column":8},"end":{"line":57,"column":39}},"31":{"start":{"line":58,"column":8},"end":{"line":58,"column":37}},"32":{"start":{"line":59,"column":8},"end":{"line":59,"column":37}},"33":{"start":{"line":60,"column":8},"end":{"line":60,"column":40}},"34":{"start":{"line":63,"column":8},"end":{"line":65,"column":9}},"35":{"start":{"line":64,"column":12},"end":{"line":64,"column":19}},"36":{"start":{"line":67,"column":8},"end":{"line":73,"column":9}},"37":{"start":{"line":68,"column":12},"end":{"line":68,"column":35}},"38":{"start":{"line":69,"column":15},"end":{"line":73,"column":9}},"39":{"start":{"line":70,"column":12},"end":{"line":70,"column":41}},"40":{"start":{"line":72,"column":12},"end":{"line":72,"column":38}},"41":{"start":{"line":76,"column":8},"end":{"line":76,"column":30}},"42":{"start":{"line":82,"column":8},"end":{"line":82,"column":37}},"43":{"start":{"line":83,"column":8},"end":{"line":83,"column":46}},"44":{"start":{"line":86,"column":8},"end":{"line":88,"column":9}},"45":{"start":{"line":87,"column":12},"end":{"line":87,"column":40}},"46":{"start":{"line":90,"column":8},"end":{"line":90,"column":50}},"47":{"start":{"line":91,"column":8},"end":{"line":91,"column":32}},"48":{"start":{"line":97,"column":8},"end":{"line":97,"column":37}},"49":{"start":{"line":98,"column":8},"end":{"line":98,"column":40}},"50":{"start":{"line":99,"column":8},"end":{"line":99,"column":42}},"51":{"start":{"line":100,"column":8},"end":{"line":100,"column":38}},"52":{"start":{"line":101,"column":8},"end":{"line":101,"column":50}},"53":{"start":{"line":102,"column":8},"end":{"line":102,"column":38}},"54":{"start":{"line":103,"column":8},"end":{"line":103,"column":50}},"55":{"start":{"line":104,"column":8},"end":{"line":104,"column":44}},"56":{"start":{"line":105,"column":8},"end":{"line":105,"column":77}},"57":{"start":{"line":108,"column":8},"end":{"line":108,"column":87}},"58":{"start":{"line":110,"column":8},"end":{"line":110,"column":45}},"59":{"start":{"line":114,"column":8},"end":{"line":114,"column":75}},"60":{"start":{"line":114,"column":52},"end":{"line":114,"column":73}},"61":{"start":{"line":118,"column":8},"end":{"line":120,"column":9}},"62":{"start":{"line":119,"column":12},"end":{"line":119,"column":49}},"63":{"start":{"line":124,"column":8},"end":{"line":124,"column":37}},"64":{"start":{"line":125,"column":8},"end":{"line":125,"column":67}},"65":{"start":{"line":126,"column":8},"end":{"line":126,"column":73}},"66":{"start":{"line":127,"column":8},"end":{"line":127,"column":43}},"67":{"start":{"line":129,"column":8},"end":{"line":138,"column":9}},"68":{"start":{"line":130,"column":12},"end":{"line":130,"column":27}},"69":{"start":{"line":131,"column":12},"end":{"line":131,"column":45}},"70":{"start":{"line":132,"column":12},"end":{"line":137,"column":13}},"71":{"start":{"line":133,"column":16},"end":{"line":133,"column":39}},"72":{"start":{"line":135,"column":16},"end":{"line":135,"column":48}},"73":{"start":{"line":136,"column":16},"end":{"line":136,"column":43}},"74":{"start":{"line":141,"column":8},"end":{"line":143,"column":9}},"75":{"start":{"line":142,"column":12},"end":{"line":142,"column":71}},"76":{"start":{"line":145,"column":8},"end":{"line":145,"column":32}},"77":{"start":{"line":152,"column":8},"end":{"line":152,"column":37}},"78":{"start":{"line":153,"column":8},"end":{"line":153,"column":37}},"79":{"start":{"line":154,"column":8},"end":{"line":154,"column":35}},"80":{"start":{"line":155,"column":8},"end":{"line":155,"column":42}},"81":{"start":{"line":156,"column":8},"end":{"line":156,"column":40}},"82":{"start":{"line":159,"column":8},"end":{"line":159,"column":108}},"83":{"start":{"line":159,"column":70},"end":{"line":159,"column":96}},"84":{"start":{"line":160,"column":8},"end":{"line":160,"column":53}},"85":{"start":{"line":163,"column":8},"end":{"line":168,"column":22}},"86":{"start":{"line":172,"column":8},"end":{"line":181,"column":9}},"87":{"start":{"line":173,"column":12},"end":{"line":179,"column":30}},"88":{"start":{"line":180,"column":12},"end":{"line":180,"column":74}},"89":{"start":{"line":183,"column":8},"end":{"line":183,"column":58}},"90":{"start":{"line":186,"column":8},"end":{"line":198,"column":9}},"91":{"start":{"line":187,"column":12},"end":{"line":187,"column":74}},"92":{"start":{"line":190,"column":12},"end":{"line":197,"column":14}},"93":{"start":{"line":205,"column":0},"end":{"line":205,"column":26}}},"branchMap":{"1":{"line":36,"type":"if","locations":[{"start":{"line":36,"column":8},"end":{"line":36,"column":8}},{"start":{"line":36,"column":8},"end":{"line":36,"column":8}}]},"2":{"line":45,"type":"if","locations":[{"start":{"line":45,"column":12},"end":{"line":45,"column":12}},{"start":{"line":45,"column":12},"end":{"line":45,"column":12}}]},"3":{"line":47,"type":"if","locations":[{"start":{"line":47,"column":19},"end":{"line":47,"column":19}},{"start":{"line":47,"column":19},"end":{"line":47,"column":19}}]},"4":{"line":63,"type":"if","locations":[{"start":{"line":63,"column":8},"end":{"line":63,"column":8}},{"start":{"line":63,"column":8},"end":{"line":63,"column":8}}]},"5":{"line":63,"type":"binary-expr","locations":[{"start":{"line":63,"column":12},"end":{"line":63,"column":30}},{"start":{"line":63,"column":34},"end":{"line":63,"column":47}},{"start":{"line":63,"column":51},"end":{"line":63,"column":67}},{"start":{"line":63,"column":71},"end":{"line":63,"column":86}}]},"6":{"line":67,"type":"if","locations":[{"start":{"line":67,"column":8},"end":{"line":67,"column":8}},{"start":{"line":67,"column":8},"end":{"line":67,"column":8}}]},"7":{"line":69,"type":"if","locations":[{"start":{"line":69,"column":15},"end":{"line":69,"column":15}},{"start":{"line":69,"column":15},"end":{"line":69,"column":15}}]},"8":{"line":86,"type":"if","locations":[{"start":{"line":86,"column":8},"end":{"line":86,"column":8}},{"start":{"line":86,"column":8},"end":{"line":86,"column":8}}]},"9":{"line":118,"type":"if","locations":[{"start":{"line":118,"column":8},"end":{"line":118,"column":8}},{"start":{"line":118,"column":8},"end":{"line":118,"column":8}}]},"10":{"line":125,"type":"binary-expr","locations":[{"start":{"line":125,"column":22},"end":{"line":125,"column":32}},{"start":{"line":125,"column":36},"end":{"line":125,"column":66}}]},"11":{"line":126,"type":"binary-expr","locations":[{"start":{"line":126,"column":25},"end":{"line":126,"column":35}},{"start":{"line":126,"column":39},"end":{"line":126,"column":72}}]},"12":{"line":127,"type":"binary-expr","locations":[{"start":{"line":127,"column":25},"end":{"line":127,"column":30}},{"start":{"line":127,"column":34},"end":{"line":127,"column":42}}]},"13":{"line":129,"type":"if","locations":[{"start":{"line":129,"column":8},"end":{"line":129,"column":8}},{"start":{"line":129,"column":8},"end":{"line":129,"column":8}}]},"14":{"line":132,"type":"if","locations":[{"start":{"line":132,"column":12},"end":{"line":132,"column":12}},{"start":{"line":132,"column":12},"end":{"line":132,"column":12}}]},"15":{"line":132,"type":"binary-expr","locations":[{"start":{"line":132,"column":16},"end":{"line":132,"column":32}},{"start":{"line":132,"column":36},"end":{"line":132,"column":41}}]},"16":{"line":141,"type":"if","locations":[{"start":{"line":141,"column":8},"end":{"line":141,"column":8}},{"start":{"line":141,"column":8},"end":{"line":141,"column":8}}]},"17":{"line":172,"type":"if","locations":[{"start":{"line":172,"column":8},"end":{"line":172,"column":8}},{"start":{"line":172,"column":8},"end":{"line":172,"column":8}}]}}},"/Users/tangbin/Documents/github/artTemplate/src/compile/js-tokens.js":{"path":"/Users/tangbin/Documents/github/artTemplate/src/compile/js-tokens.js","s":{"1":1,"2":1,"3":1,"4":1,"5":73,"6":349,"7":349,"8":349,"9":17,"10":349,"11":1,"12":35,"13":35,"14":141,"15":97,"16":37,"17":60,"18":60,"19":37,"20":1,"21":22,"22":22,"23":22,"24":1,"25":54,"26":54,"27":54,"28":22,"29":54,"30":1,"31":5,"32":5,"33":5,"34":1,"35":27,"36":27,"37":27,"38":1,"39":2,"40":2,"41":1,"42":18,"43":20,"44":1},"b":{"1":[17,332],"2":[349,106],"3":[141,100],"4":[37,60],"5":[97,42],"6":[60,45],"7":[22,20,12],"8":[54,52,33],"9":[22,32]},"f":{},"fnMap":{},"statementMap":{"1":{"start":{"line":1,"column":0},"end":{"line":1,"column":46}},"2":{"start":{"line":2,"column":0},"end":{"line":2,"column":55}},"3":{"start":{"line":3,"column":0},"end":{"line":3,"column":43}},"4":{"start":{"line":10,"column":0},"end":{"line":20,"column":2}},"5":{"start":{"line":11,"column":4},"end":{"line":19,"column":7}},"6":{"start":{"line":12,"column":8},"end":{"line":12,"column":31}},"7":{"start":{"line":13,"column":8},"end":{"line":13,"column":50}},"8":{"start":{"line":15,"column":8},"end":{"line":17,"column":9}},"9":{"start":{"line":16,"column":12},"end":{"line":16,"column":35}},"10":{"start":{"line":18,"column":8},"end":{"line":18,"column":21}},"11":{"start":{"line":28,"column":0},"end":{"line":41,"column":2}},"12":{"start":{"line":29,"column":4},"end":{"line":29,"column":23}},"13":{"start":{"line":30,"column":4},"end":{"line":40,"column":35}},"14":{"start":{"line":31,"column":8},"end":{"line":31,"column":71}},"15":{"start":{"line":33,"column":8},"end":{"line":35,"column":9}},"16":{"start":{"line":34,"column":12},"end":{"line":34,"column":24}},"17":{"start":{"line":37,"column":8},"end":{"line":37,"column":68}},"18":{"start":{"line":39,"column":8},"end":{"line":39,"column":21}},"19":{"start":{"line":40,"column":21},"end":{"line":40,"column":33}},"20":{"start":{"line":49,"column":0},"end":{"line":53,"column":2}},"21":{"start":{"line":50,"column":4},"end":{"line":50,"column":35}},"22":{"start":{"line":51,"column":4},"end":{"line":51,"column":44}},"23":{"start":{"line":52,"column":4},"end":{"line":52,"column":79}},"24":{"start":{"line":57,"column":0},"end":{"line":65,"column":2}},"25":{"start":{"line":58,"column":4},"end":{"line":58,"column":32}},"26":{"start":{"line":59,"column":4},"end":{"line":59,"column":90}},"27":{"start":{"line":60,"column":4},"end":{"line":62,"column":5}},"28":{"start":{"line":61,"column":8},"end":{"line":61,"column":32}},"29":{"start":{"line":64,"column":4},"end":{"line":64,"column":20}},"30":{"start":{"line":73,"column":0},"end":{"line":77,"column":2}},"31":{"start":{"line":74,"column":4},"end":{"line":74,"column":34}},"32":{"start":{"line":75,"column":4},"end":{"line":75,"column":37}},"33":{"start":{"line":76,"column":4},"end":{"line":76,"column":18}},"34":{"start":{"line":84,"column":0},"end":{"line":88,"column":2}},"35":{"start":{"line":85,"column":4},"end":{"line":85,"column":34}},"36":{"start":{"line":86,"column":4},"end":{"line":86,"column":53}},"37":{"start":{"line":87,"column":4},"end":{"line":87,"column":18}},"38":{"start":{"line":95,"column":0},"end":{"line":98,"column":2}},"39":{"start":{"line":96,"column":4},"end":{"line":96,"column":30}},"40":{"start":{"line":97,"column":4},"end":{"line":97,"column":29}},"41":{"start":{"line":106,"column":0},"end":{"line":108,"column":2}},"42":{"start":{"line":107,"column":4},"end":{"line":107,"column":53}},"43":{"start":{"line":107,"column":31},"end":{"line":107,"column":42}},"44":{"start":{"line":111,"column":0},"end":{"line":119,"column":2}}},"branchMap":{"1":{"line":15,"type":"if","locations":[{"start":{"line":15,"column":8},"end":{"line":15,"column":8}},{"start":{"line":15,"column":8},"end":{"line":15,"column":8}}]},"2":{"line":15,"type":"binary-expr","locations":[{"start":{"line":15,"column":12},"end":{"line":15,"column":33}},{"start":{"line":15,"column":37},"end":{"line":15,"column":59}}]},"3":{"line":31,"type":"binary-expr","locations":[{"start":{"line":31,"column":15},"end":{"line":31,"column":42}},{"start":{"line":31,"column":46},"end":{"line":31,"column":70}}]},"4":{"line":33,"type":"if","locations":[{"start":{"line":33,"column":8},"end":{"line":33,"column":8}},{"start":{"line":33,"column":8},"end":{"line":33,"column":8}}]},"5":{"line":33,"type":"binary-expr","locations":[{"start":{"line":33,"column":12},"end":{"line":33,"column":33}},{"start":{"line":33,"column":37},"end":{"line":33,"column":44}}]},"6":{"line":37,"type":"binary-expr","locations":[{"start":{"line":37,"column":17},"end":{"line":37,"column":44}},{"start":{"line":37,"column":48},"end":{"line":37,"column":67}}]},"7":{"line":52,"type":"binary-expr","locations":[{"start":{"line":52,"column":11},"end":{"line":52,"column":22}},{"start":{"line":52,"column":27},"end":{"line":52,"column":50}},{"start":{"line":52,"column":54},"end":{"line":52,"column":77}}]},"8":{"line":59,"type":"binary-expr","locations":[{"start":{"line":59,"column":21},"end":{"line":59,"column":28}},{"start":{"line":59,"column":33},"end":{"line":59,"column":60}},{"start":{"line":59,"column":64},"end":{"line":59,"column":88}}]},"9":{"line":60,"type":"if","locations":[{"start":{"line":60,"column":4},"end":{"line":60,"column":4}},{"start":{"line":60,"column":4},"end":{"line":60,"column":4}}]}}},"/Users/tangbin/Documents/github/artTemplate/src/compile/tpl-tokens.js":{"path":"/Users/tangbin/Documents/github/artTemplate/src/compile/tpl-tokens.js","s":{"1":1,"2":47,"3":47,"4":47,"5":67,"6":67,"7":20,"8":20,"9":20,"10":67,"11":25,"12":25,"13":25,"14":47,"15":1},"b":{"1":[20,47],"2":[25,42]},"f":{},"fnMap":{},"statementMap":{"1":{"start":{"line":9,"column":0},"end":{"line":45,"column":2}},"2":{"start":{"line":11,"column":4},"end":{"line":11,"column":22}},"3":{"start":{"line":12,"column":4},"end":{"line":12,"column":17}},"4":{"start":{"line":13,"column":4},"end":{"line":42,"column":7}},"5":{"start":{"line":16,"column":8},"end":{"line":16,"column":36}},"6":{"start":{"line":18,"column":8},"end":{"line":28,"column":9}},"7":{"start":{"line":19,"column":12},"end":{"line":19,"column":60}},"8":{"start":{"line":21,"column":12},"end":{"line":25,"column":15}},"9":{"start":{"line":27,"column":12},"end":{"line":27,"column":49}},"10":{"start":{"line":30,"column":8},"end":{"line":40,"column":9}},"11":{"start":{"line":31,"column":12},"end":{"line":31,"column":34}},"12":{"start":{"line":33,"column":12},"end":{"line":37,"column":15}},"13":{"start":{"line":39,"column":12},"end":{"line":39,"column":49}},"14":{"start":{"line":44,"column":4},"end":{"line":44,"column":18}},"15":{"start":{"line":49,"column":0},"end":{"line":51,"column":2}}},"branchMap":{"1":{"line":18,"type":"if","locations":[{"start":{"line":18,"column":8},"end":{"line":18,"column":8}},{"start":{"line":18,"column":8},"end":{"line":18,"column":8}}]},"2":{"line":30,"type":"if","locations":[{"start":{"line":30,"column":8},"end":{"line":30,"column":8}},{"start":{"line":30,"column":8},"end":{"line":30,"column":8}}]}}},"/Users/tangbin/Documents/github/artTemplate/src/compile/defaults.js":{"path":"/Users/tangbin/Documents/github/artTemplate/src/compile/defaults.js","s":{"1":1,"2":1,"3":1,"4":1,"5":1},"b":{},"f":{},"fnMap":{},"statementMap":{"1":{"start":{"line":1,"column":0},"end":{"line":1,"column":45}},"2":{"start":{"line":2,"column":0},"end":{"line":2,"column":45}},"3":{"start":{"line":3,"column":0},"end":{"line":3,"column":41}},"4":{"start":{"line":9,"column":0},"end":{"line":40,"column":2}},"5":{"start":{"line":42,"column":0},"end":{"line":42,"column":26}}},"branchMap":{}},"/Users/tangbin/Documents/github/artTemplate/src/compile/get-options.js":{"path":"/Users/tangbin/Documents/github/artTemplate/src/compile/get-options.js","s":{"1":1,"2":6,"3":6,"4":8,"5":6,"6":1,"7":88,"8":21,"9":1,"10":1,"11":1,"12":1,"13":20,"14":20,"15":73,"16":20,"17":67,"18":1},"b":{"1":[21,67],"2":[88,34],"3":[1,20]},"f":{},"fnMap":{},"statementMap":{"1":{"start":{"line":7,"column":0},"end":{"line":15,"column":2}},"2":{"start":{"line":8,"column":4},"end":{"line":8,"column":39}},"3":{"start":{"line":10,"column":4},"end":{"line":12,"column":5}},"4":{"start":{"line":11,"column":8},"end":{"line":11,"column":48}},"5":{"start":{"line":14,"column":4},"end":{"line":14,"column":18}},"6":{"start":{"line":18,"column":0},"end":{"line":36,"column":2}},"7":{"start":{"line":19,"column":4},"end":{"line":35,"column":5}},"8":{"start":{"line":20,"column":8},"end":{"line":32,"column":9}},"9":{"start":{"line":21,"column":12},"end":{"line":21,"column":29}},"10":{"start":{"line":22,"column":12},"end":{"line":24,"column":15}},"11":{"start":{"line":23,"column":16},"end":{"line":23,"column":48}},"12":{"start":{"line":25,"column":12},"end":{"line":25,"column":25}},"13":{"start":{"line":27,"column":12},"end":{"line":27,"column":29}},"14":{"start":{"line":28,"column":12},"end":{"line":30,"column":13}},"15":{"start":{"line":29,"column":16},"end":{"line":29,"column":54}},"16":{"start":{"line":31,"column":12},"end":{"line":31,"column":25}},"17":{"start":{"line":34,"column":8},"end":{"line":34,"column":22}},"18":{"start":{"line":39,"column":0},"end":{"line":39,"column":28}}},"branchMap":{"1":{"line":19,"type":"if","locations":[{"start":{"line":19,"column":4},"end":{"line":19,"column":4}},{"start":{"line":19,"column":4},"end":{"line":19,"column":4}}]},"2":{"line":19,"type":"binary-expr","locations":[{"start":{"line":19,"column":8},"end":{"line":19,"column":34}},{"start":{"line":19,"column":38},"end":{"line":19,"column":53}}]},"3":{"line":20,"type":"if","locations":[{"start":{"line":20,"column":8},"end":{"line":20,"column":8}},{"start":{"line":20,"column":8},"end":{"line":20,"column":8}}]}}},"/Users/tangbin/Documents/github/artTemplate/src/compile/index.js":{"path":"/Users/tangbin/Documents/github/artTemplate/src/compile/index.js","s":{"1":1,"2":1,"3":1,"4":1,"5":1,"6":1,"7":3,"8":0,"9":3,"10":3,"11":3,"12":3,"13":0,"14":0,"15":0,"16":3,"17":3,"18":3,"19":0,"20":0,"21":0,"22":0,"23":0,"24":0,"25":0,"26":0,"27":0,"28":3,"29":3,"30":3,"31":3,"32":0,"33":0,"34":0,"35":0,"36":0,"37":0,"38":0,"39":3,"40":3,"41":3,"42":0,"43":0,"44":0,"45":0,"46":3,"47":0,"48":3,"49":1},"b":{"1":[0,3],"2":[0,3],"3":[0,3],"4":[3,3],"5":[0,0],"6":[0,3],"7":[0,0],"8":[0,0],"9":[0,0],"10":[0,3],"11":[3,3],"12":[0,0]},"f":{"1":0},"fnMap":{"1":{"name":"(anonymous_1)","line":109,"loc":{"start":{"line":109,"column":22},"end":{"line":109,"column":33}}}},"statementMap":{"1":{"start":{"line":1,"column":0},"end":{"line":1,"column":39}},"2":{"start":{"line":2,"column":0},"end":{"line":2,"column":39}},"3":{"start":{"line":3,"column":0},"end":{"line":3,"column":44}},"4":{"start":{"line":4,"column":0},"end":{"line":4,"column":42}},"5":{"start":{"line":5,"column":0},"end":{"line":5,"column":41}},"6":{"start":{"line":14,"column":0},"end":{"line":115,"column":2}},"7":{"start":{"line":16,"column":4},"end":{"line":20,"column":5}},"8":{"start":{"line":17,"column":8},"end":{"line":17,"column":25}},"9":{"start":{"line":19,"column":8},"end":{"line":19,"column":32}},"10":{"start":{"line":24,"column":4},"end":{"line":24,"column":38}},"11":{"start":{"line":25,"column":4},"end":{"line":25,"column":78}},"12":{"start":{"line":26,"column":4},"end":{"line":31,"column":5}},"13":{"start":{"line":27,"column":8},"end":{"line":27,"column":43}},"14":{"start":{"line":28,"column":8},"end":{"line":30,"column":9}},"15":{"start":{"line":29,"column":12},"end":{"line":29,"column":26}},"16":{"start":{"line":35,"column":4},"end":{"line":35,"column":44}},"17":{"start":{"line":36,"column":4},"end":{"line":36,"column":28}},"18":{"start":{"line":40,"column":4},"end":{"line":63,"column":5}},"19":{"start":{"line":41,"column":8},"end":{"line":61,"column":9}},"20":{"start":{"line":42,"column":12},"end":{"line":42,"column":59}},"21":{"start":{"line":43,"column":12},"end":{"line":43,"column":39}},"22":{"start":{"line":44,"column":12},"end":{"line":44,"column":38}},"23":{"start":{"line":45,"column":12},"end":{"line":45,"column":36}},"24":{"start":{"line":48,"column":12},"end":{"line":53,"column":14}},"25":{"start":{"line":55,"column":12},"end":{"line":59,"column":13}},"26":{"start":{"line":56,"column":16},"end":{"line":56,"column":46}},"27":{"start":{"line":58,"column":16},"end":{"line":58,"column":28}},"28":{"start":{"line":65,"column":4},"end":{"line":65,"column":43}},"29":{"start":{"line":67,"column":4},"end":{"line":89,"column":6}},"30":{"start":{"line":68,"column":8},"end":{"line":88,"column":9}},"31":{"start":{"line":70,"column":12},"end":{"line":70,"column":39}},"32":{"start":{"line":74,"column":12},"end":{"line":86,"column":13}},"33":{"start":{"line":77,"column":16},"end":{"line":81,"column":17}},"34":{"start":{"line":78,"column":20},"end":{"line":78,"column":41}},"35":{"start":{"line":79,"column":20},"end":{"line":79,"column":48}},"36":{"start":{"line":80,"column":20},"end":{"line":80,"column":50}},"37":{"start":{"line":83,"column":16},"end":{"line":83,"column":44}},"38":{"start":{"line":85,"column":16},"end":{"line":85,"column":24}},"39":{"start":{"line":92,"column":4},"end":{"line":106,"column":5}},"40":{"start":{"line":93,"column":8},"end":{"line":93,"column":41}},"41":{"start":{"line":96,"column":8},"end":{"line":98,"column":9}},"42":{"start":{"line":97,"column":12},"end":{"line":97,"column":40}},"43":{"start":{"line":101,"column":8},"end":{"line":105,"column":9}},"44":{"start":{"line":102,"column":12},"end":{"line":102,"column":38}},"45":{"start":{"line":104,"column":12},"end":{"line":104,"column":20}},"46":{"start":{"line":109,"column":4},"end":{"line":111,"column":6}},"47":{"start":{"line":110,"column":8},"end":{"line":110,"column":40}},"48":{"start":{"line":114,"column":4},"end":{"line":114,"column":18}},"49":{"start":{"line":119,"column":0},"end":{"line":119,"column":25}}},"branchMap":{"1":{"line":16,"type":"if","locations":[{"start":{"line":16,"column":4},"end":{"line":16,"column":4}},{"start":{"line":16,"column":4},"end":{"line":16,"column":4}}]},"2":{"line":25,"type":"cond-expr","locations":[{"start":{"line":25,"column":48},"end":{"line":25,"column":61}},{"start":{"line":25,"column":64},"end":{"line":25,"column":78}}]},"3":{"line":26,"type":"if","locations":[{"start":{"line":26,"column":4},"end":{"line":26,"column":4}},{"start":{"line":26,"column":4},"end":{"line":26,"column":4}}]},"4":{"line":26,"type":"binary-expr","locations":[{"start":{"line":26,"column":8},"end":{"line":26,"column":13}},{"start":{"line":26,"column":17},"end":{"line":26,"column":25}}]},"5":{"line":28,"type":"if","locations":[{"start":{"line":28,"column":8},"end":{"line":28,"column":8}},{"start":{"line":28,"column":8},"end":{"line":28,"column":8}}]},"6":{"line":40,"type":"if","locations":[{"start":{"line":40,"column":4},"end":{"line":40,"column":4}},{"start":{"line":40,"column":4},"end":{"line":40,"column":4}}]},"7":{"line":55,"type":"if","locations":[{"start":{"line":55,"column":12},"end":{"line":55,"column":12}},{"start":{"line":55,"column":12},"end":{"line":55,"column":12}}]},"8":{"line":74,"type":"if","locations":[{"start":{"line":74,"column":12},"end":{"line":74,"column":12}},{"start":{"line":74,"column":12},"end":{"line":74,"column":12}}]},"9":{"line":77,"type":"if","locations":[{"start":{"line":77,"column":16},"end":{"line":77,"column":16}},{"start":{"line":77,"column":16},"end":{"line":77,"column":16}}]},"10":{"line":96,"type":"if","locations":[{"start":{"line":96,"column":8},"end":{"line":96,"column":8}},{"start":{"line":96,"column":8},"end":{"line":96,"column":8}}]},"11":{"line":96,"type":"binary-expr","locations":[{"start":{"line":96,"column":12},"end":{"line":96,"column":17}},{"start":{"line":96,"column":21},"end":{"line":96,"column":29}}]},"12":{"line":101,"type":"if","locations":[{"start":{"line":101,"column":8},"end":{"line":101,"column":8}},{"start":{"line":101,"column":8},"end":{"line":101,"column":8}}]}}},"/Users/tangbin/Documents/github/artTemplate/src/compile/tpl-loader.js":{"path":"/Users/tangbin/Documents/github/artTemplate/src/compile/tpl-loader.js","s":{"1":1,"2":0,"3":0,"4":0,"5":0,"6":0,"7":0,"8":1},"b":{"1":[0,0],"2":[0,0]},"f":{},"fnMap":{},"statementMap":{"1":{"start":{"line":6,"column":0},"end":{"line":15,"column":2}},"2":{"start":{"line":7,"column":4},"end":{"line":7,"column":51}},"3":{"start":{"line":8,"column":4},"end":{"line":14,"column":5}},"4":{"start":{"line":9,"column":8},"end":{"line":9,"column":33}},"5":{"start":{"line":10,"column":8},"end":{"line":10,"column":49}},"6":{"start":{"line":12,"column":8},"end":{"line":12,"column":55}},"7":{"start":{"line":13,"column":8},"end":{"line":13,"column":44}},"8":{"start":{"line":17,"column":0},"end":{"line":17,"column":27}}},"branchMap":{"1":{"line":8,"type":"if","locations":[{"start":{"line":8,"column":4},"end":{"line":8,"column":4}},{"start":{"line":8,"column":4},"end":{"line":8,"column":4}}]},"2":{"line":13,"type":"binary-expr","locations":[{"start":{"line":13,"column":15},"end":{"line":13,"column":25}},{"start":{"line":13,"column":29},"end":{"line":13,"column":43}}]}}},"/Users/tangbin/Documents/github/artTemplate/src/compile/tpl-path.js":{"path":"/Users/tangbin/Documents/github/artTemplate/src/compile/tpl-path.js","s":{"1":1,"2":1,"3":1,"4":16,"5":16,"6":16,"7":0,"8":1},"b":{"1":[16,0],"2":[8,8]},"f":{},"fnMap":{},"statementMap":{"1":{"start":{"line":1,"column":0},"end":{"line":1,"column":29}},"2":{"start":{"line":2,"column":0},"end":{"line":2,"column":47}},"3":{"start":{"line":11,"column":0},"end":{"line":18,"column":2}},"4":{"start":{"line":12,"column":4},"end":{"line":17,"column":5}},"5":{"start":{"line":13,"column":8},"end":{"line":13,"column":55}},"6":{"start":{"line":14,"column":8},"end":{"line":14,"column":53}},"7":{"start":{"line":16,"column":8},"end":{"line":16,"column":24}},"8":{"start":{"line":20,"column":0},"end":{"line":20,"column":25}}},"branchMap":{"1":{"line":12,"type":"if","locations":[{"start":{"line":12,"column":4},"end":{"line":12,"column":4}},{"start":{"line":12,"column":4},"end":{"line":12,"column":4}}]},"2":{"line":13,"type":"cond-expr","locations":[{"start":{"line":13,"column":31},"end":{"line":13,"column":49}},{"start":{"line":13,"column":52},"end":{"line":13,"column":54}}]}}}}