TN:
SF:/Users/tangbin/Documents/github/artTemplate/src/compile/adapter/cache.js
FN:4,(anonymous_1)
FN:8,(anonymous_2)
FN:12,(anonymous_3)
FNF:3
FNH:3
FNDA:3,(anonymous_1)
FNDA:7,(anonymous_2)
FNDA:1,(anonymous_3)
DA:1,1
DA:5,3
DA:9,7
DA:13,1
DA:17,1
LF:5
LH:5
BRF:0
BRH:0
end_of_record
TN:
SF:/Users/tangbin/Documents/github/artTemplate/src/compile/adapter/imports.js
FNF:0
FNH:0
DA:4,1
DA:16,4
DA:17,4
DA:18,4
DA:19,4
DA:31,18
DA:32,18
DA:40,18
DA:41,20
DA:42,9
DA:43,2
DA:44,7
DA:45,1
DA:47,6
DA:51,20
DA:54,18
DA:55,36
DA:60,1
LF:18
LH:18
BRDA:41,1,0,9
BRDA:41,1,1,11
BRDA:42,2,0,2
BRDA:42,2,1,7
BRDA:44,3,0,1
BRDA:44,3,1,6
BRDA:47,4,0,6
BRDA:47,4,1,1
BRF:8
BRH:8
end_of_record
TN:
SF:/Users/tangbin/Documents/github/artTemplate/src/compile/adapter/onerror.js
FNF:0
FNH:0
DA:6,1
DA:7,2
DA:8,2
DA:10,2
DA:11,2
DA:14,2
DA:17,1
LF:7
LH:7
BRDA:10,1,0,2
BRDA:10,1,1,0
BRF:2
BRH:1
end_of_record
TN:
SF:/Users/tangbin/Documents/github/artTemplate/src/compile/compiler.js
FN:12,(anonymous_1)
FN:54,(anonymous_2)
FN:81,(anonymous_3)
FN:96,(anonymous_4)
FN:150,(anonymous_5)
FNF:5
FNH:5
FNDA:49,(anonymous_1)
FNDA:50,(anonymous_2)
FNDA:28,(anonymous_3)
FNDA:29,(anonymous_4)
FNDA:14,(anonymous_5)
DA:1,1
DA:2,1
DA:3,1
DA:5,1
DA:6,1
DA:7,140
DA:8,1
DA:14,49
DA:15,49
DA:16,49
DA:17,49
DA:18,49
DA:20,49
DA:21,49
DA:24,49
DA:27,49
DA:30,49
DA:36,49
DA:37,2
DA:41,49
DA:42,37
DA:43,37
DA:44,37
DA:45,37
DA:46,19
DA:47,18
DA:48,18
DA:56,50
DA:57,50
DA:58,50
DA:59,50
DA:60,50
DA:63,50
DA:64,4
DA:67,46
DA:68,2
DA:69,44
DA:70,13
DA:72,31
DA:76,46
DA:82,28
DA:83,28
DA:86,28
DA:87,4
DA:90,28
DA:91,28
DA:97,29
DA:98,29
DA:99,29
DA:100,29
DA:101,29
DA:102,29
DA:103,29
DA:104,29
DA:105,29
DA:108,29
DA:110,29
DA:114,30
DA:118,29
DA:119,1
DA:124,29
DA:125,29
DA:126,29
DA:127,29
DA:129,29
DA:130,21
DA:131,21
DA:132,21
DA:133,11
DA:135,10
DA:136,10
DA:141,29
DA:142,2
DA:145,29
DA:152,14
DA:153,14
DA:154,14
DA:155,14
DA:156,14
DA:159,36
DA:160,14
DA:163,14
DA:172,14
DA:173,1
DA:180,1
DA:183,14
DA:186,14
DA:187,14
DA:190,1
DA:205,1
LF:90
LH:90
BRDA:36,1,0,2
BRDA:36,1,1,47
BRDA:45,2,0,19
BRDA:45,2,1,18
BRDA:47,3,0,18
BRDA:47,3,1,0
BRDA:63,4,0,4
BRDA:63,4,1,46
BRDA:63,5,0,50
BRDA:63,5,1,50
BRDA:63,5,2,49
BRDA:63,5,3,48
BRDA:67,6,0,2
BRDA:67,6,1,44
BRDA:69,7,0,13
BRDA:69,7,1,31
BRDA:86,8,0,4
BRDA:86,8,1,24
BRDA:118,9,0,1
BRDA:118,9,1,28
BRDA:125,10,0,29
BRDA:125,10,1,29
BRDA:126,11,0,29
BRDA:126,11,1,29
BRDA:127,12,0,29
BRDA:127,12,1,19
BRDA:129,13,0,21
BRDA:129,13,1,8
BRDA:132,14,0,11
BRDA:132,14,1,10
BRDA:132,15,0,21
BRDA:132,15,1,19
BRDA:141,16,0,2
BRDA:141,16,1,27
BRDA:172,17,0,1
BRDA:172,17,1,13
BRF:36
BRH:35
end_of_record
TN:
SF:/Users/tangbin/Documents/github/artTemplate/src/compile/js-tokens.js
FNF:0
FNH:0
DA:1,1
DA:2,1
DA:3,1
DA:10,1
DA:11,77
DA:12,364
DA:13,364
DA:15,364
DA:16,17
DA:18,364
DA:28,1
DA:29,39
DA:30,39
DA:31,156
DA:33,107
DA:34,44
DA:37,63
DA:39,63
DA:40,44
DA:49,1
DA:50,22
DA:51,22
DA:52,22
DA:57,1
DA:58,54
DA:59,54
DA:60,54
DA:61,22
DA:64,54
DA:73,1
DA:74,5
DA:75,5
DA:76,5
DA:84,1
DA:85,27
DA:86,27
DA:87,27
DA:95,1
DA:96,2
DA:97,2
DA:106,1
DA:107,23
DA:111,1
LF:43
LH:43
BRDA:15,1,0,17
BRDA:15,1,1,347
BRDA:15,2,0,364
BRDA:15,2,1,113
BRDA:31,3,0,156
BRDA:31,3,1,110
BRDA:33,4,0,44
BRDA:33,4,1,63
BRDA:33,5,0,107
BRDA:33,5,1,49
BRDA:37,6,0,63
BRDA:37,6,1,47
BRDA:52,7,0,22
BRDA:52,7,1,20
BRDA:52,7,2,12
BRDA:59,8,0,54
BRDA:59,8,1,52
BRDA:59,8,2,33
BRDA:60,9,0,22
BRDA:60,9,1,32
BRF:20
BRH:20
end_of_record
TN:
SF:/Users/tangbin/Documents/github/artTemplate/src/compile/tpl-tokens.js
FNF:0
FNH:0
DA:9,1
DA:11,54
DA:12,54
DA:13,54
DA:16,76
DA:18,76
DA:19,22
DA:21,22
DA:27,22
DA:30,76
DA:31,26
DA:33,26
DA:39,26
DA:44,54
DA:49,1
LF:15
LH:15
BRDA:18,1,0,22
BRDA:18,1,1,54
BRDA:30,2,0,26
BRDA:30,2,1,50
BRF:4
BRH:4
end_of_record
TN:
SF:/Users/tangbin/Documents/github/artTemplate/src/compile/defaults.js
FNF:0
FNH:0
DA:1,1
DA:2,1
DA:3,1
DA:9,1
DA:42,1
LF:5
LH:5
BRF:0
BRH:0
end_of_record
TN:
SF:/Users/tangbin/Documents/github/artTemplate/src/compile/get-options.js
FNF:0
FNH:0
DA:7,1
DA:8,16
DA:10,16
DA:11,9
DA:14,16
DA:18,1
DA:19,321
DA:20,61
DA:21,1
DA:22,1
DA:23,1
DA:25,1
DA:27,60
DA:28,60
DA:29,295
DA:31,60
DA:34,260
DA:39,1
LF:18
LH:18
BRDA:19,1,0,61
BRDA:19,1,1,260
BRDA:19,2,0,321
BRDA:19,2,1,117
BRDA:20,3,0,1
BRDA:20,3,1,60
BRF:6
BRH:6
end_of_record
TN:
SF:/Users/tangbin/Documents/github/artTemplate/src/compile/index.js
FN:109,(anonymous_1)
FNF:1
FNH:0
FNDA:0,(anonymous_1)
DA:1,1
DA:2,1
DA:3,1
DA:4,1
DA:5,1
DA:14,1
DA:16,7
DA:17,4
DA:19,3
DA:24,7
DA:25,7
DA:26,7
DA:27,4
DA:28,4
DA:29,3
DA:35,4
DA:36,4
DA:40,4
DA:41,1
DA:42,1
DA:43,1
DA:44,1
DA:45,1
DA:48,0
DA:55,0
DA:56,0
DA:58,0
DA:65,4
DA:67,4
DA:68,7
DA:70,7
DA:74,0
DA:77,0
DA:78,0
DA:79,0
DA:80,0
DA:83,0
DA:85,0
DA:92,4
DA:93,4
DA:96,4
DA:97,1
DA:101,0
DA:102,0
DA:104,0
DA:109,4
DA:110,0
DA:114,4
DA:119,1
LF:49
LH:34
BRDA:16,1,0,4
BRDA:16,1,1,3
BRDA:25,2,0,0
BRDA:25,2,1,7
BRDA:26,3,0,4
BRDA:26,3,1,3
BRDA:26,4,0,7
BRDA:26,4,1,7
BRDA:28,5,0,3
BRDA:28,5,1,1
BRDA:40,6,0,1
BRDA:40,6,1,3
BRDA:55,7,0,0
BRDA:55,7,1,0
BRDA:74,8,0,0
BRDA:74,8,1,0
BRDA:77,9,0,0
BRDA:77,9,1,0
BRDA:96,10,0,1
BRDA:96,10,1,3
BRDA:96,11,0,4
BRDA:96,11,1,4
BRDA:101,12,0,0
BRDA:101,12,1,0
BRF:24
BRH:15
end_of_record
TN:
SF:/Users/tangbin/Documents/github/artTemplate/src/compile/tpl-loader.js
FNF:0
FNH:0
DA:6,1
DA:7,2
DA:8,2
DA:9,2
DA:10,2
DA:12,0
DA:13,0
DA:17,1
LF:8
LH:6
BRDA:8,1,0,2
BRDA:8,1,1,0
BRDA:13,2,0,0
BRDA:13,2,1,0
BRF:4
BRH:1
end_of_record
TN:
SF:/Users/tangbin/Documents/github/artTemplate/src/compile/tpl-path.js
FNF:0
FNH:0
DA:1,1
DA:2,1
DA:11,1
DA:12,21
DA:13,21
DA:14,21
DA:16,0
DA:20,1
LF:8
LH:7
BRDA:12,1,0,21
BRDA:12,1,1,0
BRDA:13,2,0,12
BRDA:13,2,1,9
BRF:4
BRH:3
end_of_record
