TN:
SF:/Users/tangbin/Documents/github/artTemplate/src/compile/adapter/cache.js
FN:4,(anonymous_1)
FN:8,(anonymous_2)
FN:12,(anonymous_3)
FNF:3
FNH:3
FNDA:2,(anonymous_1)
FNDA:3,(anonymous_2)
FNDA:1,(anonymous_3)
DA:1,1
DA:5,2
DA:9,3
DA:13,1
DA:17,1
LF:5
LH:5
BRF:0
BRH:0
end_of_record
TN:
SF:/Users/tangbin/Documents/github/artTemplate/src/compile/adapter/imports.js
FNF:0
FNH:0
DA:4,1
DA:16,0
DA:17,0
DA:18,0
DA:19,0
DA:31,18
DA:32,18
DA:40,18
DA:41,20
DA:42,9
DA:43,2
DA:44,7
DA:45,1
DA:47,6
DA:51,20
DA:54,18
DA:55,36
DA:60,1
LF:18
LH:14
BRDA:41,1,0,9
BRDA:41,1,1,11
BRDA:42,2,0,2
BRDA:42,2,1,7
BRDA:44,3,0,1
BRDA:44,3,1,6
BRDA:47,4,0,6
BRDA:47,4,1,1
BRF:8
BRH:8
end_of_record
TN:
SF:/Users/tangbin/Documents/github/artTemplate/src/compile/adapter/onerror.js
FNF:0
FNH:0
DA:6,1
DA:7,2
DA:8,2
DA:10,2
DA:11,2
DA:14,2
DA:17,1
LF:7
LH:7
BRDA:10,1,0,2
BRDA:10,1,1,0
BRF:2
BRH:1
end_of_record
TN:
SF:/Users/tangbin/Documents/github/artTemplate/src/compile/compiler.js
FN:12,(anonymous_1)
FN:54,(anonymous_2)
FN:81,(anonymous_3)
FN:96,(anonymous_4)
FN:150,(anonymous_5)
FNF:5
FNH:5
FNDA:42,(anonymous_1)
FNDA:41,(anonymous_2)
FNDA:27,(anonymous_3)
FNDA:25,(anonymous_4)
FNDA:3,(anonymous_5)
DA:1,1
DA:2,1
DA:3,1
DA:5,1
DA:6,1
DA:7,115
DA:8,1
DA:14,42
DA:15,42
DA:16,42
DA:17,42
DA:18,42
DA:20,42
DA:21,42
DA:24,42
DA:27,42
DA:30,42
DA:36,42
DA:37,0
DA:41,42
DA:42,34
DA:43,34
DA:44,34
DA:45,34
DA:46,18
DA:47,16
DA:48,16
DA:56,41
DA:57,41
DA:58,41
DA:59,41
DA:60,41
DA:63,41
DA:64,4
DA:67,37
DA:68,0
DA:69,37
DA:70,13
DA:72,24
DA:76,37
DA:82,27
DA:83,27
DA:86,27
DA:87,4
DA:90,27
DA:91,27
DA:97,25
DA:98,25
DA:99,25
DA:100,25
DA:101,25
DA:102,25
DA:103,25
DA:104,25
DA:105,25
DA:108,25
DA:110,25
DA:114,25
DA:118,25
DA:119,0
DA:124,25
DA:125,25
DA:126,25
DA:127,25
DA:129,25
DA:130,18
DA:131,18
DA:132,18
DA:133,8
DA:135,10
DA:136,10
DA:141,25
DA:142,0
DA:145,25
DA:152,3
DA:153,3
DA:154,3
DA:155,3
DA:156,3
DA:159,8
DA:160,3
DA:163,3
DA:172,3
DA:173,0
DA:180,0
DA:183,3
DA:186,3
DA:187,3
DA:190,0
DA:205,1
LF:90
LH:83
BRDA:36,1,0,0
BRDA:36,1,1,42
BRDA:45,2,0,18
BRDA:45,2,1,16
BRDA:47,3,0,16
BRDA:47,3,1,0
BRDA:63,4,0,4
BRDA:63,4,1,37
BRDA:63,5,0,41
BRDA:63,5,1,41
BRDA:63,5,2,40
BRDA:63,5,3,39
BRDA:67,6,0,0
BRDA:67,6,1,37
BRDA:69,7,0,13
BRDA:69,7,1,24
BRDA:86,8,0,4
BRDA:86,8,1,23
BRDA:118,9,0,0
BRDA:118,9,1,25
BRDA:125,10,0,25
BRDA:125,10,1,25
BRDA:126,11,0,25
BRDA:126,11,1,25
BRDA:127,12,0,25
BRDA:127,12,1,18
BRDA:129,13,0,18
BRDA:129,13,1,7
BRDA:132,14,0,8
BRDA:132,14,1,10
BRDA:132,15,0,18
BRDA:132,15,1,16
BRDA:141,16,0,0
BRDA:141,16,1,25
BRDA:172,17,0,0
BRDA:172,17,1,3
BRF:36
BRH:30
end_of_record
TN:
SF:/Users/tangbin/Documents/github/artTemplate/src/compile/js-tokens.js
FNF:0
FNH:0
DA:1,1
DA:2,1
DA:3,1
DA:10,1
DA:11,73
DA:12,349
DA:13,349
DA:15,349
DA:16,17
DA:18,349
DA:28,1
DA:29,35
DA:30,35
DA:31,141
DA:33,97
DA:34,37
DA:37,60
DA:39,60
DA:40,37
DA:49,1
DA:50,22
DA:51,22
DA:52,22
DA:57,1
DA:58,54
DA:59,54
DA:60,54
DA:61,22
DA:64,54
DA:73,1
DA:74,5
DA:75,5
DA:76,5
DA:84,1
DA:85,27
DA:86,27
DA:87,27
DA:95,1
DA:96,2
DA:97,2
DA:106,1
DA:107,20
DA:111,1
LF:43
LH:43
BRDA:15,1,0,17
BRDA:15,1,1,332
BRDA:15,2,0,349
BRDA:15,2,1,106
BRDA:31,3,0,141
BRDA:31,3,1,100
BRDA:33,4,0,37
BRDA:33,4,1,60
BRDA:33,5,0,97
BRDA:33,5,1,42
BRDA:37,6,0,60
BRDA:37,6,1,45
BRDA:52,7,0,22
BRDA:52,7,1,20
BRDA:52,7,2,12
BRDA:59,8,0,54
BRDA:59,8,1,52
BRDA:59,8,2,33
BRDA:60,9,0,22
BRDA:60,9,1,32
BRF:20
BRH:20
end_of_record
TN:
SF:/Users/tangbin/Documents/github/artTemplate/src/compile/tpl-tokens.js
FNF:0
FNH:0
DA:9,1
DA:11,47
DA:12,47
DA:13,47
DA:16,67
DA:18,67
DA:19,20
DA:21,20
DA:27,20
DA:30,67
DA:31,25
DA:33,25
DA:39,25
DA:44,47
DA:49,1
LF:15
LH:15
BRDA:18,1,0,20
BRDA:18,1,1,47
BRDA:30,2,0,25
BRDA:30,2,1,42
BRF:4
BRH:4
end_of_record
TN:
SF:/Users/tangbin/Documents/github/artTemplate/src/compile/defaults.js
FNF:0
FNH:0
DA:1,1
DA:2,1
DA:3,1
DA:9,1
DA:42,1
LF:5
LH:5
BRF:0
BRH:0
end_of_record
TN:
SF:/Users/tangbin/Documents/github/artTemplate/src/compile/get-options.js
FNF:0
FNH:0
DA:7,1
DA:8,6
DA:10,6
DA:11,8
DA:14,6
DA:18,1
DA:19,88
DA:20,21
DA:21,1
DA:22,1
DA:23,1
DA:25,1
DA:27,20
DA:28,20
DA:29,73
DA:31,20
DA:34,67
DA:39,1
LF:18
LH:18
BRDA:19,1,0,21
BRDA:19,1,1,67
BRDA:19,2,0,88
BRDA:19,2,1,34
BRDA:20,3,0,1
BRDA:20,3,1,20
BRF:6
BRH:6
end_of_record
TN:
SF:/Users/tangbin/Documents/github/artTemplate/src/compile/index.js
FN:109,(anonymous_1)
FNF:1
FNH:0
FNDA:0,(anonymous_1)
DA:1,1
DA:2,1
DA:3,1
DA:4,1
DA:5,1
DA:14,1
DA:16,3
DA:17,0
DA:19,3
DA:24,3
DA:25,3
DA:26,3
DA:27,0
DA:28,0
DA:29,0
DA:35,3
DA:36,3
DA:40,3
DA:41,0
DA:42,0
DA:43,0
DA:44,0
DA:45,0
DA:48,0
DA:55,0
DA:56,0
DA:58,0
DA:65,3
DA:67,3
DA:68,3
DA:70,3
DA:74,0
DA:77,0
DA:78,0
DA:79,0
DA:80,0
DA:83,0
DA:85,0
DA:92,3
DA:93,3
DA:96,3
DA:97,0
DA:101,0
DA:102,0
DA:104,0
DA:109,3
DA:110,0
DA:114,3
DA:119,1
LF:49
LH:24
BRDA:16,1,0,0
BRDA:16,1,1,3
BRDA:25,2,0,0
BRDA:25,2,1,3
BRDA:26,3,0,0
BRDA:26,3,1,3
BRDA:26,4,0,3
BRDA:26,4,1,3
BRDA:28,5,0,0
BRDA:28,5,1,0
BRDA:40,6,0,0
BRDA:40,6,1,3
BRDA:55,7,0,0
BRDA:55,7,1,0
BRDA:74,8,0,0
BRDA:74,8,1,0
BRDA:77,9,0,0
BRDA:77,9,1,0
BRDA:96,10,0,0
BRDA:96,10,1,3
BRDA:96,11,0,3
BRDA:96,11,1,3
BRDA:101,12,0,0
BRDA:101,12,1,0
BRF:24
BRH:9
end_of_record
TN:
SF:/Users/tangbin/Documents/github/artTemplate/src/compile/tpl-loader.js
FNF:0
FNH:0
DA:6,1
DA:7,0
DA:8,0
DA:9,0
DA:10,0
DA:12,0
DA:13,0
DA:17,1
LF:8
LH:2
BRDA:8,1,0,0
BRDA:8,1,1,0
BRDA:13,2,0,0
BRDA:13,2,1,0
BRF:4
BRH:0
end_of_record
TN:
SF:/Users/tangbin/Documents/github/artTemplate/src/compile/tpl-path.js
FNF:0
FNH:0
DA:1,1
DA:2,1
DA:11,1
DA:12,16
DA:13,16
DA:14,16
DA:16,0
DA:20,1
LF:8
LH:7
BRDA:12,1,0,16
BRDA:12,1,1,0
BRDA:13,2,0,8
BRDA:13,2,1,8
BRF:4
BRH:3
end_of_record
